{
  "0 debug pnpm:scope": {
    "selected": 1
  },
  "1 debug pnpm:package-manifest": {
    "initial": {
      "name": "svelt-kit-playground",
      "version": "0.0.1",
      "scripts": {
        "dev": "vite dev",
        "build": "vite build",
        "preview": "vite preview",
        "test": "playwright test",
        "check": "svelte-kit sync && svelte-check --tsconfig ./tsconfig.json",
        "check:watch": "svelte-kit sync && svelte-check --tsconfig ./tsconfig.json --watch",
        "test:unit": "vitest",
        "lint": "prettier --plugin-search-dir . --check . && eslint .",
        "format": "prettier --plugin-search-dir . --write ."
      },
      "devDependencies": {
        "@fontsource/fira-mono": "^4.5.10",
        "@neoconfetti/svelte": "^1.0.0",
        "@playwright/test": "^1.28.1",
        "@sveltejs/adapter-auto": "^2.0.0",
        "@sveltejs/kit": "^1.20.4",
        "@types/cookie": "^0.5.1",
        "@typescript-eslint/eslint-plugin": "^5.45.0",
        "@typescript-eslint/parser": "^5.45.0",
        "eslint": "^8.28.0",
        "eslint-config-prettier": "^8.5.0",
        "eslint-plugin-svelte": "^2.30.0",
        "prettier": "^2.8.0",
        "prettier-plugin-svelte": "^2.10.1",
        "svelte": "^4.0.0",
        "svelte-check": "^3.4.3",
        "tslib": "^2.4.1",
        "typescript": "^5.0.0",
        "vite": "^4.3.6",
        "vitest": "^0.25.3"
      },
      "type": "module"
    },
    "prefix": "/Users/sho_yamashita/sho/temp/svelt-kit-playground"
  },
  "2 debug pnpm:context": {
    "currentLockfileExists": false,
    "storeDir": "/Users/sho_yamashita/.pnpm-store/v3",
    "virtualStoreDir": "/Users/sho_yamashita/sho/temp/svelt-kit-playground/node_modules/.pnpm"
  },
  "3 debug pnpm:stage": {
    "prefix": "/Users/sho_yamashita/sho/temp/svelt-kit-playground",
    "stage": "resolution_started"
  },
  "4 debug pnpm:_dependency_resolved": {
    "resolution": "registry.npmjs.org/@types/cookie/0.5.1",
    "wanted": {
      "dependentId": ".",
      "name": "@types/cookie",
      "rawSpec": "^0.5.1"
    }
  },
  "5 debug pnpm:progress": {
    "packageId": "registry.npmjs.org/@types/cookie/0.5.1",
    "requester": "/Users/sho_yamashita/sho/temp/svelt-kit-playground",
    "status": "resolved"
  },
  "6 debug pnpm:_dependency_resolved": {
    "resolution": "registry.npmjs.org/tslib/2.6.0",
    "wanted": {
      "dependentId": ".",
      "name": "tslib",
      "rawSpec": "^2.4.1"
    }
  },
  "7 debug pnpm:progress": {
    "packageId": "registry.npmjs.org/tslib/2.6.0",
    "requester": "/Users/sho_yamashita/sho/temp/svelt-kit-playground",
    "status": "resolved"
  },
  "8 debug pnpm:_dependency_resolved": {
    "resolution": "registry.npmjs.org/eslint-config-prettier/8.8.0",
    "wanted": {
      "dependentId": ".",
      "name": "eslint-config-prettier",
      "rawSpec": "^8.5.0"
    }
  },
  "9 debug pnpm:progress": {
    "packageId": "registry.npmjs.org/eslint-config-prettier/8.8.0",
    "requester": "/Users/sho_yamashita/sho/temp/svelt-kit-playground",
    "status": "resolved"
  },
  "10 debug pnpm:update-check": {
    "currentVersion": "6.11.0",
    "latestVersion": "8.6.5"
  },
  "11 debug pnpm:_dependency_resolved": {
    "resolution": "registry.npmjs.org/eslint-plugin-svelte/2.31.1",
    "wanted": {
      "dependentId": ".",
      "name": "eslint-plugin-svelte",
      "rawSpec": "^2.30.0"
    }
  },
  "12 debug pnpm:progress": {
    "packageId": "registry.npmjs.org/eslint-plugin-svelte/2.31.1",
    "requester": "/Users/sho_yamashita/sho/temp/svelt-kit-playground",
    "status": "resolved"
  },
  "13 debug pnpm:_dependency_resolved": {
    "resolution": "registry.npmjs.org/eslint/8.43.0",
    "wanted": {
      "dependentId": ".",
      "name": "eslint",
      "rawSpec": "^8.28.0"
    }
  },
  "14 debug pnpm:progress": {
    "packageId": "registry.npmjs.org/eslint/8.43.0",
    "requester": "/Users/sho_yamashita/sho/temp/svelt-kit-playground",
    "status": "resolved"
  },
  "15 debug pnpm:fetching-progress": {
    "attempt": 1,
    "packageId": "registry.npmjs.org/tslib/2.6.0",
    "size": 15853,
    "status": "started"
  },
  "16 debug pnpm:progress": {
    "packageId": "registry.npmjs.org/tslib/2.6.0",
    "requester": "/Users/sho_yamashita/sho/temp/svelt-kit-playground",
    "status": "fetched"
  },
  "17 debug pnpm:fetching-progress": {
    "attempt": 1,
    "packageId": "registry.npmjs.org/eslint-config-prettier/8.8.0",
    "size": 5420,
    "status": "started"
  },
  "18 debug pnpm:progress": {
    "packageId": "registry.npmjs.org/eslint-config-prettier/8.8.0",
    "requester": "/Users/sho_yamashita/sho/temp/svelt-kit-playground",
    "status": "fetched"
  },
  "19 debug pnpm:fetching-progress": {
    "attempt": 1,
    "packageId": "registry.npmjs.org/eslint-plugin-svelte/2.31.1",
    "size": 96943,
    "status": "started"
  },
  "20 debug pnpm:fetching-progress": {
    "attempt": 1,
    "packageId": "registry.npmjs.org/eslint/8.43.0",
    "size": 534443,
    "status": "started"
  },
  "21 debug pnpm:progress": {
    "packageId": "registry.npmjs.org/eslint-plugin-svelte/2.31.1",
    "requester": "/Users/sho_yamashita/sho/temp/svelt-kit-playground",
    "status": "fetched"
  },
  "22 debug pnpm:progress": {
    "packageId": "registry.npmjs.org/eslint/8.43.0",
    "requester": "/Users/sho_yamashita/sho/temp/svelt-kit-playground",
    "status": "fetched"
  },
  "23 debug pnpm:_dependency_resolved": {
    "resolution": "registry.npmjs.org/@typescript-eslint/eslint-plugin/5.60.1",
    "wanted": {
      "dependentId": ".",
      "name": "@typescript-eslint/eslint-plugin",
      "rawSpec": "^5.45.0"
    }
  },
  "24 debug pnpm:progress": {
    "packageId": "registry.npmjs.org/@typescript-eslint/eslint-plugin/5.60.1",
    "requester": "/Users/sho_yamashita/sho/temp/svelt-kit-playground",
    "status": "resolved"
  },
  "25 debug pnpm:_dependency_resolved": {
    "resolution": "registry.npmjs.org/prettier-plugin-svelte/2.10.1",
    "wanted": {
      "dependentId": ".",
      "name": "prettier-plugin-svelte",
      "rawSpec": "^2.10.1"
    }
  },
  "26 debug pnpm:progress": {
    "packageId": "registry.npmjs.org/prettier-plugin-svelte/2.10.1",
    "requester": "/Users/sho_yamashita/sho/temp/svelt-kit-playground",
    "status": "resolved"
  },
  "27 debug pnpm:_dependency_resolved": {
    "resolution": "registry.npmjs.org/vitest/0.25.8",
    "wanted": {
      "dependentId": ".",
      "name": "vitest",
      "rawSpec": "^0.25.3"
    }
  },
  "28 debug pnpm:progress": {
    "packageId": "registry.npmjs.org/vitest/0.25.8",
    "requester": "/Users/sho_yamashita/sho/temp/svelt-kit-playground",
    "status": "resolved"
  },
  "29 debug pnpm:_dependency_resolved": {
    "resolution": "registry.npmjs.org/prettier/2.8.8",
    "wanted": {
      "dependentId": ".",
      "name": "prettier",
      "rawSpec": "^2.8.0"
    }
  },
  "30 debug pnpm:progress": {
    "packageId": "registry.npmjs.org/prettier/2.8.8",
    "requester": "/Users/sho_yamashita/sho/temp/svelt-kit-playground",
    "status": "resolved"
  },
  "31 debug pnpm:fetching-progress": {
    "attempt": 1,
    "packageId": "registry.npmjs.org/prettier-plugin-svelte/2.10.1",
    "size": 55256,
    "status": "started"
  },
  "32 debug pnpm:fetching-progress": {
    "attempt": 1,
    "packageId": "registry.npmjs.org/vitest/0.25.8",
    "size": 344014,
    "status": "started"
  },
  "33 debug pnpm:progress": {
    "packageId": "registry.npmjs.org/prettier-plugin-svelte/2.10.1",
    "requester": "/Users/sho_yamashita/sho/temp/svelt-kit-playground",
    "status": "fetched"
  },
  "34 debug pnpm:fetching-progress": {
    "attempt": 1,
    "packageId": "registry.npmjs.org/@types/cookie/0.5.1",
    "size": 3443,
    "status": "started"
  },
  "35 debug pnpm:progress": {
    "packageId": "registry.npmjs.org/@types/cookie/0.5.1",
    "requester": "/Users/sho_yamashita/sho/temp/svelt-kit-playground",
    "status": "fetched"
  },
  "36 debug pnpm:fetching-progress": {
    "attempt": 1,
    "packageId": "registry.npmjs.org/prettier/2.8.8",
    "size": 2735186,
    "status": "started"
  },
  "37 debug pnpm:progress": {
    "packageId": "registry.npmjs.org/vitest/0.25.8",
    "requester": "/Users/sho_yamashita/sho/temp/svelt-kit-playground",
    "status": "fetched"
  },
  "38 debug pnpm:_dependency_resolved": {
    "resolution": "registry.npmjs.org/svelte/4.0.0",
    "wanted": {
      "dependentId": ".",
      "name": "svelte",
      "rawSpec": "^4.0.0"
    }
  },
  "39 debug pnpm:progress": {
    "packageId": "registry.npmjs.org/svelte/4.0.0",
    "requester": "/Users/sho_yamashita/sho/temp/svelt-kit-playground",
    "status": "resolved"
  },
  "40 debug pnpm:_dependency_resolved": {
    "resolution": "registry.npmjs.org/vite/4.3.9",
    "wanted": {
      "dependentId": ".",
      "name": "vite",
      "rawSpec": "^4.3.6"
    }
  },
  "41 debug pnpm:progress": {
    "packageId": "registry.npmjs.org/vite/4.3.9",
    "requester": "/Users/sho_yamashita/sho/temp/svelt-kit-playground",
    "status": "resolved"
  },
  "42 debug pnpm:fetching-progress": {
    "attempt": 1,
    "packageId": "registry.npmjs.org/svelte/4.0.0",
    "size": 595506,
    "status": "started"
  },
  "43 debug pnpm:_dependency_resolved": {
    "resolution": "registry.npmjs.org/typescript/5.1.3",
    "wanted": {
      "dependentId": ".",
      "name": "typescript",
      "rawSpec": "^5.0.0"
    }
  },
  "44 debug pnpm:progress": {
    "packageId": "registry.npmjs.org/typescript/5.1.3",
    "requester": "/Users/sho_yamashita/sho/temp/svelt-kit-playground",
    "status": "resolved"
  },
  "45 debug pnpm:fetching-progress": {
    "attempt": 1,
    "packageId": "registry.npmjs.org/vite/4.3.9",
    "size": 752447,
    "status": "started"
  },
  "46 debug pnpm:fetching-progress": {
    "attempt": 1,
    "packageId": "registry.npmjs.org/typescript/5.1.3",
    "size": 7147721,
    "status": "started"
  },
  "47 debug pnpm:fetching-progress": {
    "downloaded": 16384,
    "packageId": "registry.npmjs.org/typescript/5.1.3",
    "status": "in_progress"
  },
  "48 debug pnpm:fetching-progress": {
    "downloaded": 32768,
    "packageId": "registry.npmjs.org/typescript/5.1.3",
    "status": "in_progress"
  },
  "49 debug pnpm:fetching-progress": {
    "downloaded": 49152,
    "packageId": "registry.npmjs.org/typescript/5.1.3",
    "status": "in_progress"
  },
  "50 debug pnpm:fetching-progress": {
    "downloaded": 65536,
    "packageId": "registry.npmjs.org/typescript/5.1.3",
    "status": "in_progress"
  },
  "51 debug pnpm:fetching-progress": {
    "downloaded": 81920,
    "packageId": "registry.npmjs.org/typescript/5.1.3",
    "status": "in_progress"
  },
  "52 debug pnpm:fetching-progress": {
    "downloaded": 98304,
    "packageId": "registry.npmjs.org/typescript/5.1.3",
    "status": "in_progress"
  },
  "53 debug pnpm:fetching-progress": {
    "downloaded": 114688,
    "packageId": "registry.npmjs.org/typescript/5.1.3",
    "status": "in_progress"
  },
  "54 debug pnpm:fetching-progress": {
    "downloaded": 131072,
    "packageId": "registry.npmjs.org/typescript/5.1.3",
    "status": "in_progress"
  },
  "55 debug pnpm:fetching-progress": {
    "downloaded": 147456,
    "packageId": "registry.npmjs.org/typescript/5.1.3",
    "status": "in_progress"
  },
  "56 debug pnpm:fetching-progress": {
    "downloaded": 163840,
    "packageId": "registry.npmjs.org/typescript/5.1.3",
    "status": "in_progress"
  },
  "57 debug pnpm:fetching-progress": {
    "downloaded": 180224,
    "packageId": "registry.npmjs.org/typescript/5.1.3",
    "status": "in_progress"
  },
  "58 debug pnpm:fetching-progress": {
    "downloaded": 196608,
    "packageId": "registry.npmjs.org/typescript/5.1.3",
    "status": "in_progress"
  },
  "59 debug pnpm:fetching-progress": {
    "downloaded": 212992,
    "packageId": "registry.npmjs.org/typescript/5.1.3",
    "status": "in_progress"
  },
  "60 debug pnpm:fetching-progress": {
    "downloaded": 229376,
    "packageId": "registry.npmjs.org/typescript/5.1.3",
    "status": "in_progress"
  },
  "61 debug pnpm:fetching-progress": {
    "downloaded": 245760,
    "packageId": "registry.npmjs.org/typescript/5.1.3",
    "status": "in_progress"
  },
  "62 debug pnpm:fetching-progress": {
    "downloaded": 262144,
    "packageId": "registry.npmjs.org/typescript/5.1.3",
    "status": "in_progress"
  },
  "63 debug pnpm:fetching-progress": {
    "downloaded": 278528,
    "packageId": "registry.npmjs.org/typescript/5.1.3",
    "status": "in_progress"
  },
  "64 debug pnpm:fetching-progress": {
    "downloaded": 294912,
    "packageId": "registry.npmjs.org/typescript/5.1.3",
    "status": "in_progress"
  },
  "65 debug pnpm:fetching-progress": {
    "downloaded": 311296,
    "packageId": "registry.npmjs.org/typescript/5.1.3",
    "status": "in_progress"
  },
  "66 debug pnpm:_dependency_resolved": {
    "resolution": "registry.npmjs.org/@fontsource/fira-mono/4.5.10",
    "wanted": {
      "dependentId": ".",
      "name": "@fontsource/fira-mono",
      "rawSpec": "^4.5.10"
    }
  },
  "67 debug pnpm:progress": {
    "packageId": "registry.npmjs.org/@fontsource/fira-mono/4.5.10",
    "requester": "/Users/sho_yamashita/sho/temp/svelt-kit-playground",
    "status": "resolved"
  },
  "68 debug pnpm:fetching-progress": {
    "downloaded": 327680,
    "packageId": "registry.npmjs.org/typescript/5.1.3",
    "status": "in_progress"
  },
  "69 debug pnpm:fetching-progress": {
    "downloaded": 344064,
    "packageId": "registry.npmjs.org/typescript/5.1.3",
    "status": "in_progress"
  },
  "70 debug pnpm:fetching-progress": {
    "downloaded": 360448,
    "packageId": "registry.npmjs.org/typescript/5.1.3",
    "status": "in_progress"
  },
  "71 debug pnpm:fetching-progress": {
    "downloaded": 376832,
    "packageId": "registry.npmjs.org/typescript/5.1.3",
    "status": "in_progress"
  },
  "72 debug pnpm:fetching-progress": {
    "downloaded": 393216,
    "packageId": "registry.npmjs.org/typescript/5.1.3",
    "status": "in_progress"
  },
  "73 debug pnpm:fetching-progress": {
    "downloaded": 409600,
    "packageId": "registry.npmjs.org/typescript/5.1.3",
    "status": "in_progress"
  },
  "74 debug pnpm:fetching-progress": {
    "downloaded": 425984,
    "packageId": "registry.npmjs.org/typescript/5.1.3",
    "status": "in_progress"
  },
  "75 debug pnpm:fetching-progress": {
    "downloaded": 442368,
    "packageId": "registry.npmjs.org/typescript/5.1.3",
    "status": "in_progress"
  },
  "76 debug pnpm:fetching-progress": {
    "downloaded": 458752,
    "packageId": "registry.npmjs.org/typescript/5.1.3",
    "status": "in_progress"
  },
  "77 debug pnpm:fetching-progress": {
    "downloaded": 475136,
    "packageId": "registry.npmjs.org/typescript/5.1.3",
    "status": "in_progress"
  },
  "78 debug pnpm:fetching-progress": {
    "downloaded": 491520,
    "packageId": "registry.npmjs.org/typescript/5.1.3",
    "status": "in_progress"
  },
  "79 debug pnpm:fetching-progress": {
    "downloaded": 507904,
    "packageId": "registry.npmjs.org/typescript/5.1.3",
    "status": "in_progress"
  },
  "80 debug pnpm:fetching-progress": {
    "downloaded": 524288,
    "packageId": "registry.npmjs.org/typescript/5.1.3",
    "status": "in_progress"
  },
  "81 debug pnpm:fetching-progress": {
    "downloaded": 540672,
    "packageId": "registry.npmjs.org/typescript/5.1.3",
    "status": "in_progress"
  },
  "82 debug pnpm:fetching-progress": {
    "downloaded": 557056,
    "packageId": "registry.npmjs.org/typescript/5.1.3",
    "status": "in_progress"
  },
  "83 debug pnpm:fetching-progress": {
    "downloaded": 573440,
    "packageId": "registry.npmjs.org/typescript/5.1.3",
    "status": "in_progress"
  },
  "84 debug pnpm:fetching-progress": {
    "downloaded": 589824,
    "packageId": "registry.npmjs.org/typescript/5.1.3",
    "status": "in_progress"
  },
  "85 debug pnpm:fetching-progress": {
    "downloaded": 606208,
    "packageId": "registry.npmjs.org/typescript/5.1.3",
    "status": "in_progress"
  },
  "86 debug pnpm:fetching-progress": {
    "downloaded": 622592,
    "packageId": "registry.npmjs.org/typescript/5.1.3",
    "status": "in_progress"
  },
  "87 debug pnpm:fetching-progress": {
    "downloaded": 638976,
    "packageId": "registry.npmjs.org/typescript/5.1.3",
    "status": "in_progress"
  },
  "88 debug pnpm:fetching-progress": {
    "downloaded": 655360,
    "packageId": "registry.npmjs.org/typescript/5.1.3",
    "status": "in_progress"
  },
  "89 debug pnpm:fetching-progress": {
    "downloaded": 671744,
    "packageId": "registry.npmjs.org/typescript/5.1.3",
    "status": "in_progress"
  },
  "90 debug pnpm:fetching-progress": {
    "downloaded": 688128,
    "packageId": "registry.npmjs.org/typescript/5.1.3",
    "status": "in_progress"
  },
  "91 debug pnpm:fetching-progress": {
    "downloaded": 704512,
    "packageId": "registry.npmjs.org/typescript/5.1.3",
    "status": "in_progress"
  },
  "92 debug pnpm:fetching-progress": {
    "downloaded": 720896,
    "packageId": "registry.npmjs.org/typescript/5.1.3",
    "status": "in_progress"
  },
  "93 debug pnpm:fetching-progress": {
    "downloaded": 737280,
    "packageId": "registry.npmjs.org/typescript/5.1.3",
    "status": "in_progress"
  },
  "94 debug pnpm:fetching-progress": {
    "downloaded": 753664,
    "packageId": "registry.npmjs.org/typescript/5.1.3",
    "status": "in_progress"
  },
  "95 debug pnpm:fetching-progress": {
    "downloaded": 770048,
    "packageId": "registry.npmjs.org/typescript/5.1.3",
    "status": "in_progress"
  },
  "96 debug pnpm:fetching-progress": {
    "downloaded": 786432,
    "packageId": "registry.npmjs.org/typescript/5.1.3",
    "status": "in_progress"
  },
  "97 debug pnpm:fetching-progress": {
    "downloaded": 802816,
    "packageId": "registry.npmjs.org/typescript/5.1.3",
    "status": "in_progress"
  },
  "98 debug pnpm:fetching-progress": {
    "downloaded": 819200,
    "packageId": "registry.npmjs.org/typescript/5.1.3",
    "status": "in_progress"
  },
  "99 debug pnpm:progress": {
    "packageId": "registry.npmjs.org/svelte/4.0.0",
    "requester": "/Users/sho_yamashita/sho/temp/svelt-kit-playground",
    "status": "fetched"
  },
  "100 debug pnpm:fetching-progress": {
    "downloaded": 835584,
    "packageId": "registry.npmjs.org/typescript/5.1.3",
    "status": "in_progress"
  },
  "101 debug pnpm:fetching-progress": {
    "downloaded": 851968,
    "packageId": "registry.npmjs.org/typescript/5.1.3",
    "status": "in_progress"
  },
  "102 debug pnpm:fetching-progress": {
    "downloaded": 868352,
    "packageId": "registry.npmjs.org/typescript/5.1.3",
    "status": "in_progress"
  },
  "103 debug pnpm:fetching-progress": {
    "downloaded": 884736,
    "packageId": "registry.npmjs.org/typescript/5.1.3",
    "status": "in_progress"
  },
  "104 debug pnpm:fetching-progress": {
    "downloaded": 901120,
    "packageId": "registry.npmjs.org/typescript/5.1.3",
    "status": "in_progress"
  },
  "105 debug pnpm:_dependency_resolved": {
    "resolution": "registry.npmjs.org/svelte-check/3.4.4",
    "wanted": {
      "dependentId": ".",
      "name": "svelte-check",
      "rawSpec": "^3.4.3"
    }
  },
  "106 debug pnpm:progress": {
    "packageId": "registry.npmjs.org/svelte-check/3.4.4",
    "requester": "/Users/sho_yamashita/sho/temp/svelt-kit-playground",
    "status": "resolved"
  },
  "107 debug pnpm:fetching-progress": {
    "downloaded": 917504,
    "packageId": "registry.npmjs.org/typescript/5.1.3",
    "status": "in_progress"
  },
  "108 debug pnpm:fetching-progress": {
    "downloaded": 933888,
    "packageId": "registry.npmjs.org/typescript/5.1.3",
    "status": "in_progress"
  },
  "109 debug pnpm:fetching-progress": {
    "downloaded": 950272,
    "packageId": "registry.npmjs.org/typescript/5.1.3",
    "status": "in_progress"
  },
  "110 debug pnpm:fetching-progress": {
    "downloaded": 966656,
    "packageId": "registry.npmjs.org/typescript/5.1.3",
    "status": "in_progress"
  },
  "111 debug pnpm:fetching-progress": {
    "downloaded": 983040,
    "packageId": "registry.npmjs.org/typescript/5.1.3",
    "status": "in_progress"
  },
  "112 debug pnpm:fetching-progress": {
    "downloaded": 999424,
    "packageId": "registry.npmjs.org/typescript/5.1.3",
    "status": "in_progress"
  },
  "113 debug pnpm:fetching-progress": {
    "downloaded": 1015808,
    "packageId": "registry.npmjs.org/typescript/5.1.3",
    "status": "in_progress"
  },
  "114 debug pnpm:fetching-progress": {
    "downloaded": 1032192,
    "packageId": "registry.npmjs.org/typescript/5.1.3",
    "status": "in_progress"
  },
  "115 debug pnpm:fetching-progress": {
    "downloaded": 1048576,
    "packageId": "registry.npmjs.org/typescript/5.1.3",
    "status": "in_progress"
  },
  "116 debug pnpm:fetching-progress": {
    "downloaded": 1064960,
    "packageId": "registry.npmjs.org/typescript/5.1.3",
    "status": "in_progress"
  },
  "117 debug pnpm:fetching-progress": {
    "downloaded": 1081344,
    "packageId": "registry.npmjs.org/typescript/5.1.3",
    "status": "in_progress"
  },
  "118 debug pnpm:fetching-progress": {
    "downloaded": 1097728,
    "packageId": "registry.npmjs.org/typescript/5.1.3",
    "status": "in_progress"
  },
  "119 debug pnpm:fetching-progress": {
    "downloaded": 1114112,
    "packageId": "registry.npmjs.org/typescript/5.1.3",
    "status": "in_progress"
  },
  "120 debug pnpm:fetching-progress": {
    "downloaded": 1130496,
    "packageId": "registry.npmjs.org/typescript/5.1.3",
    "status": "in_progress"
  },
  "121 debug pnpm:fetching-progress": {
    "downloaded": 1146880,
    "packageId": "registry.npmjs.org/typescript/5.1.3",
    "status": "in_progress"
  },
  "122 debug pnpm:fetching-progress": {
    "downloaded": 1163264,
    "packageId": "registry.npmjs.org/typescript/5.1.3",
    "status": "in_progress"
  },
  "123 debug pnpm:fetching-progress": {
    "downloaded": 1179648,
    "packageId": "registry.npmjs.org/typescript/5.1.3",
    "status": "in_progress"
  },
  "124 debug pnpm:fetching-progress": {
    "downloaded": 1196032,
    "packageId": "registry.npmjs.org/typescript/5.1.3",
    "status": "in_progress"
  },
  "125 debug pnpm:fetching-progress": {
    "downloaded": 1212416,
    "packageId": "registry.npmjs.org/typescript/5.1.3",
    "status": "in_progress"
  },
  "126 debug pnpm:fetching-progress": {
    "downloaded": 1228800,
    "packageId": "registry.npmjs.org/typescript/5.1.3",
    "status": "in_progress"
  },
  "127 debug pnpm:fetching-progress": {
    "downloaded": 1245184,
    "packageId": "registry.npmjs.org/typescript/5.1.3",
    "status": "in_progress"
  },
  "128 debug pnpm:fetching-progress": {
    "downloaded": 1261568,
    "packageId": "registry.npmjs.org/typescript/5.1.3",
    "status": "in_progress"
  },
  "129 debug pnpm:fetching-progress": {
    "downloaded": 1277952,
    "packageId": "registry.npmjs.org/typescript/5.1.3",
    "status": "in_progress"
  },
  "130 debug pnpm:fetching-progress": {
    "downloaded": 1294336,
    "packageId": "registry.npmjs.org/typescript/5.1.3",
    "status": "in_progress"
  },
  "131 debug pnpm:fetching-progress": {
    "downloaded": 1310720,
    "packageId": "registry.npmjs.org/typescript/5.1.3",
    "status": "in_progress"
  },
  "132 debug pnpm:fetching-progress": {
    "downloaded": 1327104,
    "packageId": "registry.npmjs.org/typescript/5.1.3",
    "status": "in_progress"
  },
  "133 debug pnpm:fetching-progress": {
    "downloaded": 1343488,
    "packageId": "registry.npmjs.org/typescript/5.1.3",
    "status": "in_progress"
  },
  "134 debug pnpm:fetching-progress": {
    "downloaded": 1359872,
    "packageId": "registry.npmjs.org/typescript/5.1.3",
    "status": "in_progress"
  },
  "135 debug pnpm:fetching-progress": {
    "downloaded": 1376256,
    "packageId": "registry.npmjs.org/typescript/5.1.3",
    "status": "in_progress"
  },
  "136 debug pnpm:fetching-progress": {
    "downloaded": 1392640,
    "packageId": "registry.npmjs.org/typescript/5.1.3",
    "status": "in_progress"
  },
  "137 debug pnpm:fetching-progress": {
    "downloaded": 1409024,
    "packageId": "registry.npmjs.org/typescript/5.1.3",
    "status": "in_progress"
  },
  "138 debug pnpm:fetching-progress": {
    "downloaded": 1425408,
    "packageId": "registry.npmjs.org/typescript/5.1.3",
    "status": "in_progress"
  },
  "139 debug pnpm:fetching-progress": {
    "downloaded": 1441792,
    "packageId": "registry.npmjs.org/typescript/5.1.3",
    "status": "in_progress"
  },
  "140 debug pnpm:fetching-progress": {
    "downloaded": 1458176,
    "packageId": "registry.npmjs.org/typescript/5.1.3",
    "status": "in_progress"
  },
  "141 debug pnpm:fetching-progress": {
    "downloaded": 1474560,
    "packageId": "registry.npmjs.org/typescript/5.1.3",
    "status": "in_progress"
  },
  "142 debug pnpm:fetching-progress": {
    "downloaded": 1490944,
    "packageId": "registry.npmjs.org/typescript/5.1.3",
    "status": "in_progress"
  },
  "143 debug pnpm:fetching-progress": {
    "downloaded": 1507328,
    "packageId": "registry.npmjs.org/typescript/5.1.3",
    "status": "in_progress"
  },
  "144 debug pnpm:fetching-progress": {
    "downloaded": 1523712,
    "packageId": "registry.npmjs.org/typescript/5.1.3",
    "status": "in_progress"
  },
  "145 debug pnpm:fetching-progress": {
    "downloaded": 1540096,
    "packageId": "registry.npmjs.org/typescript/5.1.3",
    "status": "in_progress"
  },
  "146 debug pnpm:fetching-progress": {
    "attempt": 1,
    "packageId": "registry.npmjs.org/svelte-check/3.4.4",
    "size": 1402460,
    "status": "started"
  },
  "147 debug pnpm:fetching-progress": {
    "downloaded": 1556480,
    "packageId": "registry.npmjs.org/typescript/5.1.3",
    "status": "in_progress"
  },
  "148 debug pnpm:fetching-progress": {
    "downloaded": 1572864,
    "packageId": "registry.npmjs.org/typescript/5.1.3",
    "status": "in_progress"
  },
  "149 debug pnpm:fetching-progress": {
    "downloaded": 1589248,
    "packageId": "registry.npmjs.org/typescript/5.1.3",
    "status": "in_progress"
  },
  "150 debug pnpm:fetching-progress": {
    "downloaded": 1605632,
    "packageId": "registry.npmjs.org/typescript/5.1.3",
    "status": "in_progress"
  },
  "151 debug pnpm:fetching-progress": {
    "downloaded": 1622016,
    "packageId": "registry.npmjs.org/typescript/5.1.3",
    "status": "in_progress"
  },
  "152 debug pnpm:fetching-progress": {
    "downloaded": 1638400,
    "packageId": "registry.npmjs.org/typescript/5.1.3",
    "status": "in_progress"
  },
  "153 debug pnpm:fetching-progress": {
    "downloaded": 1654784,
    "packageId": "registry.npmjs.org/typescript/5.1.3",
    "status": "in_progress"
  },
  "154 debug pnpm:fetching-progress": {
    "downloaded": 1671168,
    "packageId": "registry.npmjs.org/typescript/5.1.3",
    "status": "in_progress"
  },
  "155 debug pnpm:fetching-progress": {
    "downloaded": 1687552,
    "packageId": "registry.npmjs.org/typescript/5.1.3",
    "status": "in_progress"
  },
  "156 debug pnpm:fetching-progress": {
    "downloaded": 1703936,
    "packageId": "registry.npmjs.org/typescript/5.1.3",
    "status": "in_progress"
  },
  "157 debug pnpm:fetching-progress": {
    "downloaded": 1720320,
    "packageId": "registry.npmjs.org/typescript/5.1.3",
    "status": "in_progress"
  },
  "158 debug pnpm:fetching-progress": {
    "downloaded": 1736704,
    "packageId": "registry.npmjs.org/typescript/5.1.3",
    "status": "in_progress"
  },
  "159 debug pnpm:fetching-progress": {
    "downloaded": 1753088,
    "packageId": "registry.npmjs.org/typescript/5.1.3",
    "status": "in_progress"
  },
  "160 debug pnpm:fetching-progress": {
    "downloaded": 1769472,
    "packageId": "registry.npmjs.org/typescript/5.1.3",
    "status": "in_progress"
  },
  "161 debug pnpm:fetching-progress": {
    "downloaded": 1785856,
    "packageId": "registry.npmjs.org/typescript/5.1.3",
    "status": "in_progress"
  },
  "162 debug pnpm:fetching-progress": {
    "downloaded": 1802240,
    "packageId": "registry.npmjs.org/typescript/5.1.3",
    "status": "in_progress"
  },
  "163 debug pnpm:fetching-progress": {
    "downloaded": 1818624,
    "packageId": "registry.npmjs.org/typescript/5.1.3",
    "status": "in_progress"
  },
  "164 debug pnpm:fetching-progress": {
    "downloaded": 1835008,
    "packageId": "registry.npmjs.org/typescript/5.1.3",
    "status": "in_progress"
  },
  "165 debug pnpm:fetching-progress": {
    "downloaded": 1851392,
    "packageId": "registry.npmjs.org/typescript/5.1.3",
    "status": "in_progress"
  },
  "166 debug pnpm:fetching-progress": {
    "downloaded": 1867776,
    "packageId": "registry.npmjs.org/typescript/5.1.3",
    "status": "in_progress"
  },
  "167 debug pnpm:fetching-progress": {
    "downloaded": 1884160,
    "packageId": "registry.npmjs.org/typescript/5.1.3",
    "status": "in_progress"
  },
  "168 debug pnpm:fetching-progress": {
    "downloaded": 1900544,
    "packageId": "registry.npmjs.org/typescript/5.1.3",
    "status": "in_progress"
  },
  "169 debug pnpm:fetching-progress": {
    "downloaded": 1916928,
    "packageId": "registry.npmjs.org/typescript/5.1.3",
    "status": "in_progress"
  },
  "170 debug pnpm:fetching-progress": {
    "downloaded": 1933312,
    "packageId": "registry.npmjs.org/typescript/5.1.3",
    "status": "in_progress"
  },
  "171 debug pnpm:fetching-progress": {
    "downloaded": 1949696,
    "packageId": "registry.npmjs.org/typescript/5.1.3",
    "status": "in_progress"
  },
  "172 debug pnpm:fetching-progress": {
    "downloaded": 1966080,
    "packageId": "registry.npmjs.org/typescript/5.1.3",
    "status": "in_progress"
  },
  "173 debug pnpm:fetching-progress": {
    "downloaded": 1982464,
    "packageId": "registry.npmjs.org/typescript/5.1.3",
    "status": "in_progress"
  },
  "174 debug pnpm:fetching-progress": {
    "downloaded": 1998848,
    "packageId": "registry.npmjs.org/typescript/5.1.3",
    "status": "in_progress"
  },
  "175 debug pnpm:fetching-progress": {
    "downloaded": 2015232,
    "packageId": "registry.npmjs.org/typescript/5.1.3",
    "status": "in_progress"
  },
  "176 debug pnpm:fetching-progress": {
    "downloaded": 2031616,
    "packageId": "registry.npmjs.org/typescript/5.1.3",
    "status": "in_progress"
  },
  "177 debug pnpm:fetching-progress": {
    "downloaded": 2048000,
    "packageId": "registry.npmjs.org/typescript/5.1.3",
    "status": "in_progress"
  },
  "178 debug pnpm:fetching-progress": {
    "downloaded": 2064384,
    "packageId": "registry.npmjs.org/typescript/5.1.3",
    "status": "in_progress"
  },
  "179 debug pnpm:fetching-progress": {
    "downloaded": 2080768,
    "packageId": "registry.npmjs.org/typescript/5.1.3",
    "status": "in_progress"
  },
  "180 debug pnpm:fetching-progress": {
    "downloaded": 2097152,
    "packageId": "registry.npmjs.org/typescript/5.1.3",
    "status": "in_progress"
  },
  "181 debug pnpm:fetching-progress": {
    "downloaded": 2113536,
    "packageId": "registry.npmjs.org/typescript/5.1.3",
    "status": "in_progress"
  },
  "182 debug pnpm:fetching-progress": {
    "downloaded": 2129920,
    "packageId": "registry.npmjs.org/typescript/5.1.3",
    "status": "in_progress"
  },
  "183 debug pnpm:fetching-progress": {
    "downloaded": 2146304,
    "packageId": "registry.npmjs.org/typescript/5.1.3",
    "status": "in_progress"
  },
  "184 debug pnpm:fetching-progress": {
    "downloaded": 2162688,
    "packageId": "registry.npmjs.org/typescript/5.1.3",
    "status": "in_progress"
  },
  "185 debug pnpm:fetching-progress": {
    "downloaded": 2179072,
    "packageId": "registry.npmjs.org/typescript/5.1.3",
    "status": "in_progress"
  },
  "186 debug pnpm:fetching-progress": {
    "downloaded": 2195456,
    "packageId": "registry.npmjs.org/typescript/5.1.3",
    "status": "in_progress"
  },
  "187 debug pnpm:fetching-progress": {
    "downloaded": 2211840,
    "packageId": "registry.npmjs.org/typescript/5.1.3",
    "status": "in_progress"
  },
  "188 debug pnpm:fetching-progress": {
    "downloaded": 2228224,
    "packageId": "registry.npmjs.org/typescript/5.1.3",
    "status": "in_progress"
  },
  "189 debug pnpm:fetching-progress": {
    "downloaded": 2244608,
    "packageId": "registry.npmjs.org/typescript/5.1.3",
    "status": "in_progress"
  },
  "190 debug pnpm:fetching-progress": {
    "downloaded": 2260992,
    "packageId": "registry.npmjs.org/typescript/5.1.3",
    "status": "in_progress"
  },
  "191 debug pnpm:fetching-progress": {
    "downloaded": 2277376,
    "packageId": "registry.npmjs.org/typescript/5.1.3",
    "status": "in_progress"
  },
  "192 debug pnpm:fetching-progress": {
    "downloaded": 2293760,
    "packageId": "registry.npmjs.org/typescript/5.1.3",
    "status": "in_progress"
  },
  "193 debug pnpm:fetching-progress": {
    "downloaded": 2310144,
    "packageId": "registry.npmjs.org/typescript/5.1.3",
    "status": "in_progress"
  },
  "194 debug pnpm:fetching-progress": {
    "downloaded": 2326528,
    "packageId": "registry.npmjs.org/typescript/5.1.3",
    "status": "in_progress"
  },
  "195 debug pnpm:fetching-progress": {
    "downloaded": 2342912,
    "packageId": "registry.npmjs.org/typescript/5.1.3",
    "status": "in_progress"
  },
  "196 debug pnpm:fetching-progress": {
    "downloaded": 2359296,
    "packageId": "registry.npmjs.org/typescript/5.1.3",
    "status": "in_progress"
  },
  "197 debug pnpm:fetching-progress": {
    "downloaded": 2375680,
    "packageId": "registry.npmjs.org/typescript/5.1.3",
    "status": "in_progress"
  },
  "198 debug pnpm:fetching-progress": {
    "downloaded": 2392064,
    "packageId": "registry.npmjs.org/typescript/5.1.3",
    "status": "in_progress"
  },
  "199 debug pnpm:fetching-progress": {
    "downloaded": 2408448,
    "packageId": "registry.npmjs.org/typescript/5.1.3",
    "status": "in_progress"
  },
  "200 debug pnpm:fetching-progress": {
    "downloaded": 2424832,
    "packageId": "registry.npmjs.org/typescript/5.1.3",
    "status": "in_progress"
  },
  "201 debug pnpm:fetching-progress": {
    "downloaded": 2441216,
    "packageId": "registry.npmjs.org/typescript/5.1.3",
    "status": "in_progress"
  },
  "202 debug pnpm:fetching-progress": {
    "downloaded": 2457600,
    "packageId": "registry.npmjs.org/typescript/5.1.3",
    "status": "in_progress"
  },
  "203 debug pnpm:fetching-progress": {
    "downloaded": 2473984,
    "packageId": "registry.npmjs.org/typescript/5.1.3",
    "status": "in_progress"
  },
  "204 debug pnpm:fetching-progress": {
    "downloaded": 2490368,
    "packageId": "registry.npmjs.org/typescript/5.1.3",
    "status": "in_progress"
  },
  "205 debug pnpm:fetching-progress": {
    "downloaded": 2506752,
    "packageId": "registry.npmjs.org/typescript/5.1.3",
    "status": "in_progress"
  },
  "206 debug pnpm:fetching-progress": {
    "downloaded": 2523136,
    "packageId": "registry.npmjs.org/typescript/5.1.3",
    "status": "in_progress"
  },
  "207 debug pnpm:fetching-progress": {
    "downloaded": 2539520,
    "packageId": "registry.npmjs.org/typescript/5.1.3",
    "status": "in_progress"
  },
  "208 debug pnpm:fetching-progress": {
    "downloaded": 2555904,
    "packageId": "registry.npmjs.org/typescript/5.1.3",
    "status": "in_progress"
  },
  "209 debug pnpm:fetching-progress": {
    "downloaded": 2572288,
    "packageId": "registry.npmjs.org/typescript/5.1.3",
    "status": "in_progress"
  },
  "210 debug pnpm:fetching-progress": {
    "downloaded": 2588672,
    "packageId": "registry.npmjs.org/typescript/5.1.3",
    "status": "in_progress"
  },
  "211 debug pnpm:fetching-progress": {
    "downloaded": 2605056,
    "packageId": "registry.npmjs.org/typescript/5.1.3",
    "status": "in_progress"
  },
  "212 debug pnpm:fetching-progress": {
    "downloaded": 2621440,
    "packageId": "registry.npmjs.org/typescript/5.1.3",
    "status": "in_progress"
  },
  "213 debug pnpm:fetching-progress": {
    "downloaded": 2637824,
    "packageId": "registry.npmjs.org/typescript/5.1.3",
    "status": "in_progress"
  },
  "214 debug pnpm:fetching-progress": {
    "downloaded": 2654208,
    "packageId": "registry.npmjs.org/typescript/5.1.3",
    "status": "in_progress"
  },
  "215 debug pnpm:fetching-progress": {
    "downloaded": 2670592,
    "packageId": "registry.npmjs.org/typescript/5.1.3",
    "status": "in_progress"
  },
  "216 debug pnpm:fetching-progress": {
    "downloaded": 2686976,
    "packageId": "registry.npmjs.org/typescript/5.1.3",
    "status": "in_progress"
  },
  "217 debug pnpm:fetching-progress": {
    "downloaded": 2703360,
    "packageId": "registry.npmjs.org/typescript/5.1.3",
    "status": "in_progress"
  },
  "218 debug pnpm:fetching-progress": {
    "downloaded": 2719744,
    "packageId": "registry.npmjs.org/typescript/5.1.3",
    "status": "in_progress"
  },
  "219 debug pnpm:fetching-progress": {
    "downloaded": 2736128,
    "packageId": "registry.npmjs.org/typescript/5.1.3",
    "status": "in_progress"
  },
  "220 debug pnpm:fetching-progress": {
    "downloaded": 2752512,
    "packageId": "registry.npmjs.org/typescript/5.1.3",
    "status": "in_progress"
  },
  "221 debug pnpm:fetching-progress": {
    "downloaded": 2768896,
    "packageId": "registry.npmjs.org/typescript/5.1.3",
    "status": "in_progress"
  },
  "222 debug pnpm:fetching-progress": {
    "downloaded": 2785280,
    "packageId": "registry.npmjs.org/typescript/5.1.3",
    "status": "in_progress"
  },
  "223 debug pnpm:fetching-progress": {
    "downloaded": 2801664,
    "packageId": "registry.npmjs.org/typescript/5.1.3",
    "status": "in_progress"
  },
  "224 debug pnpm:fetching-progress": {
    "downloaded": 2818048,
    "packageId": "registry.npmjs.org/typescript/5.1.3",
    "status": "in_progress"
  },
  "225 debug pnpm:fetching-progress": {
    "downloaded": 2834432,
    "packageId": "registry.npmjs.org/typescript/5.1.3",
    "status": "in_progress"
  },
  "226 debug pnpm:fetching-progress": {
    "downloaded": 2850816,
    "packageId": "registry.npmjs.org/typescript/5.1.3",
    "status": "in_progress"
  },
  "227 debug pnpm:fetching-progress": {
    "downloaded": 2867200,
    "packageId": "registry.npmjs.org/typescript/5.1.3",
    "status": "in_progress"
  },
  "228 debug pnpm:fetching-progress": {
    "downloaded": 2883584,
    "packageId": "registry.npmjs.org/typescript/5.1.3",
    "status": "in_progress"
  },
  "229 debug pnpm:fetching-progress": {
    "downloaded": 2899968,
    "packageId": "registry.npmjs.org/typescript/5.1.3",
    "status": "in_progress"
  },
  "230 debug pnpm:fetching-progress": {
    "downloaded": 2916352,
    "packageId": "registry.npmjs.org/typescript/5.1.3",
    "status": "in_progress"
  },
  "231 debug pnpm:fetching-progress": {
    "downloaded": 2932736,
    "packageId": "registry.npmjs.org/typescript/5.1.3",
    "status": "in_progress"
  },
  "232 debug pnpm:fetching-progress": {
    "downloaded": 2949120,
    "packageId": "registry.npmjs.org/typescript/5.1.3",
    "status": "in_progress"
  },
  "233 debug pnpm:fetching-progress": {
    "downloaded": 2965504,
    "packageId": "registry.npmjs.org/typescript/5.1.3",
    "status": "in_progress"
  },
  "234 debug pnpm:fetching-progress": {
    "downloaded": 2981888,
    "packageId": "registry.npmjs.org/typescript/5.1.3",
    "status": "in_progress"
  },
  "235 debug pnpm:fetching-progress": {
    "downloaded": 2998272,
    "packageId": "registry.npmjs.org/typescript/5.1.3",
    "status": "in_progress"
  },
  "236 debug pnpm:fetching-progress": {
    "downloaded": 3014656,
    "packageId": "registry.npmjs.org/typescript/5.1.3",
    "status": "in_progress"
  },
  "237 debug pnpm:fetching-progress": {
    "downloaded": 3031040,
    "packageId": "registry.npmjs.org/typescript/5.1.3",
    "status": "in_progress"
  },
  "238 debug pnpm:fetching-progress": {
    "downloaded": 3047424,
    "packageId": "registry.npmjs.org/typescript/5.1.3",
    "status": "in_progress"
  },
  "239 debug pnpm:fetching-progress": {
    "downloaded": 3063808,
    "packageId": "registry.npmjs.org/typescript/5.1.3",
    "status": "in_progress"
  },
  "240 debug pnpm:fetching-progress": {
    "downloaded": 3080192,
    "packageId": "registry.npmjs.org/typescript/5.1.3",
    "status": "in_progress"
  },
  "241 debug pnpm:fetching-progress": {
    "downloaded": 3096576,
    "packageId": "registry.npmjs.org/typescript/5.1.3",
    "status": "in_progress"
  },
  "242 debug pnpm:fetching-progress": {
    "downloaded": 3112960,
    "packageId": "registry.npmjs.org/typescript/5.1.3",
    "status": "in_progress"
  },
  "243 debug pnpm:fetching-progress": {
    "downloaded": 3129344,
    "packageId": "registry.npmjs.org/typescript/5.1.3",
    "status": "in_progress"
  },
  "244 debug pnpm:fetching-progress": {
    "downloaded": 3145728,
    "packageId": "registry.npmjs.org/typescript/5.1.3",
    "status": "in_progress"
  },
  "245 debug pnpm:fetching-progress": {
    "downloaded": 3162112,
    "packageId": "registry.npmjs.org/typescript/5.1.3",
    "status": "in_progress"
  },
  "246 debug pnpm:fetching-progress": {
    "downloaded": 3178496,
    "packageId": "registry.npmjs.org/typescript/5.1.3",
    "status": "in_progress"
  },
  "247 debug pnpm:fetching-progress": {
    "downloaded": 3194880,
    "packageId": "registry.npmjs.org/typescript/5.1.3",
    "status": "in_progress"
  },
  "248 debug pnpm:fetching-progress": {
    "downloaded": 3211264,
    "packageId": "registry.npmjs.org/typescript/5.1.3",
    "status": "in_progress"
  },
  "249 debug pnpm:fetching-progress": {
    "downloaded": 3227648,
    "packageId": "registry.npmjs.org/typescript/5.1.3",
    "status": "in_progress"
  },
  "250 debug pnpm:fetching-progress": {
    "downloaded": 3244032,
    "packageId": "registry.npmjs.org/typescript/5.1.3",
    "status": "in_progress"
  },
  "251 debug pnpm:fetching-progress": {
    "downloaded": 3260416,
    "packageId": "registry.npmjs.org/typescript/5.1.3",
    "status": "in_progress"
  },
  "252 debug pnpm:fetching-progress": {
    "downloaded": 3276800,
    "packageId": "registry.npmjs.org/typescript/5.1.3",
    "status": "in_progress"
  },
  "253 debug pnpm:fetching-progress": {
    "downloaded": 3293184,
    "packageId": "registry.npmjs.org/typescript/5.1.3",
    "status": "in_progress"
  },
  "254 debug pnpm:fetching-progress": {
    "downloaded": 3309568,
    "packageId": "registry.npmjs.org/typescript/5.1.3",
    "status": "in_progress"
  },
  "255 debug pnpm:fetching-progress": {
    "downloaded": 3325952,
    "packageId": "registry.npmjs.org/typescript/5.1.3",
    "status": "in_progress"
  },
  "256 debug pnpm:progress": {
    "packageId": "registry.npmjs.org/vite/4.3.9",
    "requester": "/Users/sho_yamashita/sho/temp/svelt-kit-playground",
    "status": "fetched"
  },
  "257 debug pnpm:fetching-progress": {
    "downloaded": 3342336,
    "packageId": "registry.npmjs.org/typescript/5.1.3",
    "status": "in_progress"
  },
  "258 debug pnpm:fetching-progress": {
    "attempt": 1,
    "packageId": "registry.npmjs.org/@typescript-eslint/eslint-plugin/5.60.1",
    "size": 434747,
    "status": "started"
  },
  "259 debug pnpm:fetching-progress": {
    "downloaded": 3358720,
    "packageId": "registry.npmjs.org/typescript/5.1.3",
    "status": "in_progress"
  },
  "260 debug pnpm:_dependency_resolved": {
    "resolution": "registry.npmjs.org/@typescript-eslint/parser/5.60.1",
    "wanted": {
      "dependentId": ".",
      "name": "@typescript-eslint/parser",
      "rawSpec": "^5.45.0"
    }
  },
  "261 debug pnpm:progress": {
    "packageId": "registry.npmjs.org/@typescript-eslint/parser/5.60.1",
    "requester": "/Users/sho_yamashita/sho/temp/svelt-kit-playground",
    "status": "resolved"
  },
  "262 debug pnpm:fetching-progress": {
    "downloaded": 3375104,
    "packageId": "registry.npmjs.org/typescript/5.1.3",
    "status": "in_progress"
  },
  "263 debug pnpm:fetching-progress": {
    "downloaded": 3391488,
    "packageId": "registry.npmjs.org/typescript/5.1.3",
    "status": "in_progress"
  },
  "264 debug pnpm:fetching-progress": {
    "downloaded": 3407872,
    "packageId": "registry.npmjs.org/typescript/5.1.3",
    "status": "in_progress"
  },
  "265 debug pnpm:fetching-progress": {
    "downloaded": 3424256,
    "packageId": "registry.npmjs.org/typescript/5.1.3",
    "status": "in_progress"
  },
  "266 debug pnpm:fetching-progress": {
    "downloaded": 3440640,
    "packageId": "registry.npmjs.org/typescript/5.1.3",
    "status": "in_progress"
  },
  "267 debug pnpm:fetching-progress": {
    "downloaded": 3457024,
    "packageId": "registry.npmjs.org/typescript/5.1.3",
    "status": "in_progress"
  },
  "268 debug pnpm:fetching-progress": {
    "downloaded": 3473408,
    "packageId": "registry.npmjs.org/typescript/5.1.3",
    "status": "in_progress"
  },
  "269 debug pnpm:fetching-progress": {
    "downloaded": 3489792,
    "packageId": "registry.npmjs.org/typescript/5.1.3",
    "status": "in_progress"
  },
  "270 debug pnpm:fetching-progress": {
    "downloaded": 3506176,
    "packageId": "registry.npmjs.org/typescript/5.1.3",
    "status": "in_progress"
  },
  "271 debug pnpm:fetching-progress": {
    "downloaded": 3522560,
    "packageId": "registry.npmjs.org/typescript/5.1.3",
    "status": "in_progress"
  },
  "272 debug pnpm:fetching-progress": {
    "downloaded": 3538944,
    "packageId": "registry.npmjs.org/typescript/5.1.3",
    "status": "in_progress"
  },
  "273 debug pnpm:fetching-progress": {
    "downloaded": 3555328,
    "packageId": "registry.npmjs.org/typescript/5.1.3",
    "status": "in_progress"
  },
  "274 debug pnpm:fetching-progress": {
    "downloaded": 3571712,
    "packageId": "registry.npmjs.org/typescript/5.1.3",
    "status": "in_progress"
  },
  "275 debug pnpm:fetching-progress": {
    "downloaded": 3588096,
    "packageId": "registry.npmjs.org/typescript/5.1.3",
    "status": "in_progress"
  },
  "276 debug pnpm:fetching-progress": {
    "downloaded": 3604480,
    "packageId": "registry.npmjs.org/typescript/5.1.3",
    "status": "in_progress"
  },
  "277 debug pnpm:fetching-progress": {
    "downloaded": 3620864,
    "packageId": "registry.npmjs.org/typescript/5.1.3",
    "status": "in_progress"
  },
  "278 debug pnpm:fetching-progress": {
    "downloaded": 3637248,
    "packageId": "registry.npmjs.org/typescript/5.1.3",
    "status": "in_progress"
  },
  "279 debug pnpm:fetching-progress": {
    "downloaded": 3653632,
    "packageId": "registry.npmjs.org/typescript/5.1.3",
    "status": "in_progress"
  },
  "280 debug pnpm:fetching-progress": {
    "downloaded": 3670016,
    "packageId": "registry.npmjs.org/typescript/5.1.3",
    "status": "in_progress"
  },
  "281 debug pnpm:fetching-progress": {
    "downloaded": 3686400,
    "packageId": "registry.npmjs.org/typescript/5.1.3",
    "status": "in_progress"
  },
  "282 debug pnpm:fetching-progress": {
    "downloaded": 3702784,
    "packageId": "registry.npmjs.org/typescript/5.1.3",
    "status": "in_progress"
  },
  "283 debug pnpm:fetching-progress": {
    "downloaded": 3719168,
    "packageId": "registry.npmjs.org/typescript/5.1.3",
    "status": "in_progress"
  },
  "284 debug pnpm:fetching-progress": {
    "downloaded": 3735552,
    "packageId": "registry.npmjs.org/typescript/5.1.3",
    "status": "in_progress"
  },
  "285 debug pnpm:fetching-progress": {
    "downloaded": 3751936,
    "packageId": "registry.npmjs.org/typescript/5.1.3",
    "status": "in_progress"
  },
  "286 debug pnpm:fetching-progress": {
    "downloaded": 3768320,
    "packageId": "registry.npmjs.org/typescript/5.1.3",
    "status": "in_progress"
  },
  "287 debug pnpm:fetching-progress": {
    "downloaded": 3784704,
    "packageId": "registry.npmjs.org/typescript/5.1.3",
    "status": "in_progress"
  },
  "288 debug pnpm:fetching-progress": {
    "downloaded": 3801088,
    "packageId": "registry.npmjs.org/typescript/5.1.3",
    "status": "in_progress"
  },
  "289 debug pnpm:fetching-progress": {
    "downloaded": 3817472,
    "packageId": "registry.npmjs.org/typescript/5.1.3",
    "status": "in_progress"
  },
  "290 debug pnpm:fetching-progress": {
    "downloaded": 3833856,
    "packageId": "registry.npmjs.org/typescript/5.1.3",
    "status": "in_progress"
  },
  "291 debug pnpm:fetching-progress": {
    "downloaded": 3850240,
    "packageId": "registry.npmjs.org/typescript/5.1.3",
    "status": "in_progress"
  },
  "292 debug pnpm:fetching-progress": {
    "downloaded": 3866624,
    "packageId": "registry.npmjs.org/typescript/5.1.3",
    "status": "in_progress"
  },
  "293 debug pnpm:fetching-progress": {
    "downloaded": 3883008,
    "packageId": "registry.npmjs.org/typescript/5.1.3",
    "status": "in_progress"
  },
  "294 debug pnpm:fetching-progress": {
    "downloaded": 3899392,
    "packageId": "registry.npmjs.org/typescript/5.1.3",
    "status": "in_progress"
  },
  "295 debug pnpm:fetching-progress": {
    "downloaded": 3915776,
    "packageId": "registry.npmjs.org/typescript/5.1.3",
    "status": "in_progress"
  },
  "296 debug pnpm:fetching-progress": {
    "downloaded": 3932160,
    "packageId": "registry.npmjs.org/typescript/5.1.3",
    "status": "in_progress"
  },
  "297 debug pnpm:fetching-progress": {
    "downloaded": 3948544,
    "packageId": "registry.npmjs.org/typescript/5.1.3",
    "status": "in_progress"
  },
  "298 debug pnpm:fetching-progress": {
    "downloaded": 3964928,
    "packageId": "registry.npmjs.org/typescript/5.1.3",
    "status": "in_progress"
  },
  "299 debug pnpm:fetching-progress": {
    "downloaded": 3981312,
    "packageId": "registry.npmjs.org/typescript/5.1.3",
    "status": "in_progress"
  },
  "300 debug pnpm:fetching-progress": {
    "downloaded": 3997696,
    "packageId": "registry.npmjs.org/typescript/5.1.3",
    "status": "in_progress"
  },
  "301 debug pnpm:fetching-progress": {
    "downloaded": 4014080,
    "packageId": "registry.npmjs.org/typescript/5.1.3",
    "status": "in_progress"
  },
  "302 debug pnpm:fetching-progress": {
    "downloaded": 4030464,
    "packageId": "registry.npmjs.org/typescript/5.1.3",
    "status": "in_progress"
  },
  "303 debug pnpm:fetching-progress": {
    "downloaded": 4046848,
    "packageId": "registry.npmjs.org/typescript/5.1.3",
    "status": "in_progress"
  },
  "304 debug pnpm:fetching-progress": {
    "downloaded": 4063232,
    "packageId": "registry.npmjs.org/typescript/5.1.3",
    "status": "in_progress"
  },
  "305 debug pnpm:fetching-progress": {
    "attempt": 1,
    "packageId": "registry.npmjs.org/@typescript-eslint/parser/5.60.1",
    "size": 6000,
    "status": "started"
  },
  "306 debug pnpm:progress": {
    "packageId": "registry.npmjs.org/@typescript-eslint/parser/5.60.1",
    "requester": "/Users/sho_yamashita/sho/temp/svelt-kit-playground",
    "status": "fetched"
  },
  "307 debug pnpm:_dependency_resolved": {
    "resolution": "registry.npmjs.org/@neoconfetti/svelte/1.0.0",
    "wanted": {
      "dependentId": ".",
      "name": "@neoconfetti/svelte",
      "rawSpec": "^1.0.0"
    }
  },
  "308 debug pnpm:progress": {
    "packageId": "registry.npmjs.org/@neoconfetti/svelte/1.0.0",
    "requester": "/Users/sho_yamashita/sho/temp/svelt-kit-playground",
    "status": "resolved"
  },
  "309 debug pnpm:fetching-progress": {
    "downloaded": 4079616,
    "packageId": "registry.npmjs.org/typescript/5.1.3",
    "status": "in_progress"
  },
  "310 debug pnpm:fetching-progress": {
    "downloaded": 4096000,
    "packageId": "registry.npmjs.org/typescript/5.1.3",
    "status": "in_progress"
  },
  "311 debug pnpm:fetching-progress": {
    "downloaded": 4112384,
    "packageId": "registry.npmjs.org/typescript/5.1.3",
    "status": "in_progress"
  },
  "312 debug pnpm:fetching-progress": {
    "downloaded": 4128768,
    "packageId": "registry.npmjs.org/typescript/5.1.3",
    "status": "in_progress"
  },
  "313 debug pnpm:fetching-progress": {
    "downloaded": 4145152,
    "packageId": "registry.npmjs.org/typescript/5.1.3",
    "status": "in_progress"
  },
  "314 debug pnpm:fetching-progress": {
    "downloaded": 4161536,
    "packageId": "registry.npmjs.org/typescript/5.1.3",
    "status": "in_progress"
  },
  "315 debug pnpm:fetching-progress": {
    "downloaded": 4177920,
    "packageId": "registry.npmjs.org/typescript/5.1.3",
    "status": "in_progress"
  },
  "316 debug pnpm:fetching-progress": {
    "downloaded": 4194304,
    "packageId": "registry.npmjs.org/typescript/5.1.3",
    "status": "in_progress"
  },
  "317 debug pnpm:fetching-progress": {
    "downloaded": 4210688,
    "packageId": "registry.npmjs.org/typescript/5.1.3",
    "status": "in_progress"
  },
  "318 debug pnpm:fetching-progress": {
    "downloaded": 4227072,
    "packageId": "registry.npmjs.org/typescript/5.1.3",
    "status": "in_progress"
  },
  "319 debug pnpm:fetching-progress": {
    "downloaded": 4243456,
    "packageId": "registry.npmjs.org/typescript/5.1.3",
    "status": "in_progress"
  },
  "320 debug pnpm:fetching-progress": {
    "downloaded": 4259840,
    "packageId": "registry.npmjs.org/typescript/5.1.3",
    "status": "in_progress"
  },
  "321 debug pnpm:fetching-progress": {
    "downloaded": 4276224,
    "packageId": "registry.npmjs.org/typescript/5.1.3",
    "status": "in_progress"
  },
  "322 debug pnpm:fetching-progress": {
    "downloaded": 4292608,
    "packageId": "registry.npmjs.org/typescript/5.1.3",
    "status": "in_progress"
  },
  "323 debug pnpm:fetching-progress": {
    "downloaded": 4308992,
    "packageId": "registry.npmjs.org/typescript/5.1.3",
    "status": "in_progress"
  },
  "324 debug pnpm:fetching-progress": {
    "downloaded": 4325376,
    "packageId": "registry.npmjs.org/typescript/5.1.3",
    "status": "in_progress"
  },
  "325 debug pnpm:progress": {
    "packageId": "registry.npmjs.org/@typescript-eslint/eslint-plugin/5.60.1",
    "requester": "/Users/sho_yamashita/sho/temp/svelt-kit-playground",
    "status": "fetched"
  },
  "326 debug pnpm:fetching-progress": {
    "downloaded": 4341760,
    "packageId": "registry.npmjs.org/typescript/5.1.3",
    "status": "in_progress"
  },
  "327 debug pnpm:fetching-progress": {
    "downloaded": 4358144,
    "packageId": "registry.npmjs.org/typescript/5.1.3",
    "status": "in_progress"
  },
  "328 debug pnpm:fetching-progress": {
    "downloaded": 4374528,
    "packageId": "registry.npmjs.org/typescript/5.1.3",
    "status": "in_progress"
  },
  "329 debug pnpm:fetching-progress": {
    "downloaded": 4390912,
    "packageId": "registry.npmjs.org/typescript/5.1.3",
    "status": "in_progress"
  },
  "330 debug pnpm:fetching-progress": {
    "downloaded": 4407296,
    "packageId": "registry.npmjs.org/typescript/5.1.3",
    "status": "in_progress"
  },
  "331 debug pnpm:fetching-progress": {
    "downloaded": 4423680,
    "packageId": "registry.npmjs.org/typescript/5.1.3",
    "status": "in_progress"
  },
  "332 debug pnpm:fetching-progress": {
    "downloaded": 4440064,
    "packageId": "registry.npmjs.org/typescript/5.1.3",
    "status": "in_progress"
  },
  "333 debug pnpm:fetching-progress": {
    "downloaded": 4456448,
    "packageId": "registry.npmjs.org/typescript/5.1.3",
    "status": "in_progress"
  },
  "334 debug pnpm:fetching-progress": {
    "downloaded": 4472832,
    "packageId": "registry.npmjs.org/typescript/5.1.3",
    "status": "in_progress"
  },
  "335 debug pnpm:fetching-progress": {
    "downloaded": 4489216,
    "packageId": "registry.npmjs.org/typescript/5.1.3",
    "status": "in_progress"
  },
  "336 debug pnpm:fetching-progress": {
    "downloaded": 4505600,
    "packageId": "registry.npmjs.org/typescript/5.1.3",
    "status": "in_progress"
  },
  "337 debug pnpm:fetching-progress": {
    "downloaded": 4521984,
    "packageId": "registry.npmjs.org/typescript/5.1.3",
    "status": "in_progress"
  },
  "338 debug pnpm:fetching-progress": {
    "downloaded": 4538368,
    "packageId": "registry.npmjs.org/typescript/5.1.3",
    "status": "in_progress"
  },
  "339 debug pnpm:fetching-progress": {
    "downloaded": 4554752,
    "packageId": "registry.npmjs.org/typescript/5.1.3",
    "status": "in_progress"
  },
  "340 debug pnpm:fetching-progress": {
    "downloaded": 4571136,
    "packageId": "registry.npmjs.org/typescript/5.1.3",
    "status": "in_progress"
  },
  "341 debug pnpm:fetching-progress": {
    "downloaded": 4587520,
    "packageId": "registry.npmjs.org/typescript/5.1.3",
    "status": "in_progress"
  },
  "342 debug pnpm:_dependency_resolved": {
    "resolution": "registry.npmjs.org/@sveltejs/adapter-auto/2.1.0",
    "wanted": {
      "dependentId": ".",
      "name": "@sveltejs/adapter-auto",
      "rawSpec": "^2.0.0"
    }
  },
  "343 debug pnpm:progress": {
    "packageId": "registry.npmjs.org/@sveltejs/adapter-auto/2.1.0",
    "requester": "/Users/sho_yamashita/sho/temp/svelt-kit-playground",
    "status": "resolved"
  },
  "344 debug pnpm:fetching-progress": {
    "downloaded": 4603904,
    "packageId": "registry.npmjs.org/typescript/5.1.3",
    "status": "in_progress"
  },
  "345 debug pnpm:fetching-progress": {
    "downloaded": 4620288,
    "packageId": "registry.npmjs.org/typescript/5.1.3",
    "status": "in_progress"
  },
  "346 debug pnpm:fetching-progress": {
    "downloaded": 4636672,
    "packageId": "registry.npmjs.org/typescript/5.1.3",
    "status": "in_progress"
  },
  "347 debug pnpm:fetching-progress": {
    "downloaded": 4653056,
    "packageId": "registry.npmjs.org/typescript/5.1.3",
    "status": "in_progress"
  },
  "348 debug pnpm:fetching-progress": {
    "downloaded": 4664541,
    "packageId": "registry.npmjs.org/typescript/5.1.3",
    "status": "in_progress"
  },
  "349 debug pnpm:fetching-progress": {
    "downloaded": 4680925,
    "packageId": "registry.npmjs.org/typescript/5.1.3",
    "status": "in_progress"
  },
  "350 debug pnpm:fetching-progress": {
    "downloaded": 4697309,
    "packageId": "registry.npmjs.org/typescript/5.1.3",
    "status": "in_progress"
  },
  "351 debug pnpm:fetching-progress": {
    "downloaded": 4713693,
    "packageId": "registry.npmjs.org/typescript/5.1.3",
    "status": "in_progress"
  },
  "352 debug pnpm:fetching-progress": {
    "downloaded": 4730077,
    "packageId": "registry.npmjs.org/typescript/5.1.3",
    "status": "in_progress"
  },
  "353 debug pnpm:fetching-progress": {
    "downloaded": 4746461,
    "packageId": "registry.npmjs.org/typescript/5.1.3",
    "status": "in_progress"
  },
  "354 debug pnpm:fetching-progress": {
    "downloaded": 4762845,
    "packageId": "registry.npmjs.org/typescript/5.1.3",
    "status": "in_progress"
  },
  "355 debug pnpm:fetching-progress": {
    "downloaded": 4779229,
    "packageId": "registry.npmjs.org/typescript/5.1.3",
    "status": "in_progress"
  },
  "356 debug pnpm:fetching-progress": {
    "downloaded": 4795613,
    "packageId": "registry.npmjs.org/typescript/5.1.3",
    "status": "in_progress"
  },
  "357 debug pnpm:fetching-progress": {
    "downloaded": 4811997,
    "packageId": "registry.npmjs.org/typescript/5.1.3",
    "status": "in_progress"
  },
  "358 debug pnpm:fetching-progress": {
    "downloaded": 4828381,
    "packageId": "registry.npmjs.org/typescript/5.1.3",
    "status": "in_progress"
  },
  "359 debug pnpm:fetching-progress": {
    "downloaded": 4844765,
    "packageId": "registry.npmjs.org/typescript/5.1.3",
    "status": "in_progress"
  },
  "360 debug pnpm:fetching-progress": {
    "downloaded": 4861149,
    "packageId": "registry.npmjs.org/typescript/5.1.3",
    "status": "in_progress"
  },
  "361 debug pnpm:fetching-progress": {
    "downloaded": 4877533,
    "packageId": "registry.npmjs.org/typescript/5.1.3",
    "status": "in_progress"
  },
  "362 debug pnpm:fetching-progress": {
    "downloaded": 4893917,
    "packageId": "registry.npmjs.org/typescript/5.1.3",
    "status": "in_progress"
  },
  "363 debug pnpm:fetching-progress": {
    "downloaded": 4910301,
    "packageId": "registry.npmjs.org/typescript/5.1.3",
    "status": "in_progress"
  },
  "364 debug pnpm:fetching-progress": {
    "downloaded": 4926685,
    "packageId": "registry.npmjs.org/typescript/5.1.3",
    "status": "in_progress"
  },
  "365 debug pnpm:fetching-progress": {
    "downloaded": 4943069,
    "packageId": "registry.npmjs.org/typescript/5.1.3",
    "status": "in_progress"
  },
  "366 debug pnpm:fetching-progress": {
    "downloaded": 4959453,
    "packageId": "registry.npmjs.org/typescript/5.1.3",
    "status": "in_progress"
  },
  "367 debug pnpm:fetching-progress": {
    "downloaded": 4975837,
    "packageId": "registry.npmjs.org/typescript/5.1.3",
    "status": "in_progress"
  },
  "368 debug pnpm:fetching-progress": {
    "downloaded": 4992221,
    "packageId": "registry.npmjs.org/typescript/5.1.3",
    "status": "in_progress"
  },
  "369 debug pnpm:fetching-progress": {
    "downloaded": 5008605,
    "packageId": "registry.npmjs.org/typescript/5.1.3",
    "status": "in_progress"
  },
  "370 debug pnpm:fetching-progress": {
    "downloaded": 5024989,
    "packageId": "registry.npmjs.org/typescript/5.1.3",
    "status": "in_progress"
  },
  "371 debug pnpm:fetching-progress": {
    "downloaded": 5041373,
    "packageId": "registry.npmjs.org/typescript/5.1.3",
    "status": "in_progress"
  },
  "372 debug pnpm:fetching-progress": {
    "downloaded": 5057757,
    "packageId": "registry.npmjs.org/typescript/5.1.3",
    "status": "in_progress"
  },
  "373 debug pnpm:fetching-progress": {
    "downloaded": 5074141,
    "packageId": "registry.npmjs.org/typescript/5.1.3",
    "status": "in_progress"
  },
  "374 debug pnpm:fetching-progress": {
    "downloaded": 5090525,
    "packageId": "registry.npmjs.org/typescript/5.1.3",
    "status": "in_progress"
  },
  "375 debug pnpm:fetching-progress": {
    "downloaded": 5106909,
    "packageId": "registry.npmjs.org/typescript/5.1.3",
    "status": "in_progress"
  },
  "376 debug pnpm:fetching-progress": {
    "downloaded": 5123293,
    "packageId": "registry.npmjs.org/typescript/5.1.3",
    "status": "in_progress"
  },
  "377 debug pnpm:fetching-progress": {
    "downloaded": 5139677,
    "packageId": "registry.npmjs.org/typescript/5.1.3",
    "status": "in_progress"
  },
  "378 debug pnpm:fetching-progress": {
    "downloaded": 5156061,
    "packageId": "registry.npmjs.org/typescript/5.1.3",
    "status": "in_progress"
  },
  "379 debug pnpm:fetching-progress": {
    "downloaded": 5172445,
    "packageId": "registry.npmjs.org/typescript/5.1.3",
    "status": "in_progress"
  },
  "380 debug pnpm:fetching-progress": {
    "downloaded": 5188829,
    "packageId": "registry.npmjs.org/typescript/5.1.3",
    "status": "in_progress"
  },
  "381 debug pnpm:fetching-progress": {
    "downloaded": 5205213,
    "packageId": "registry.npmjs.org/typescript/5.1.3",
    "status": "in_progress"
  },
  "382 debug pnpm:fetching-progress": {
    "downloaded": 5221597,
    "packageId": "registry.npmjs.org/typescript/5.1.3",
    "status": "in_progress"
  },
  "383 debug pnpm:fetching-progress": {
    "downloaded": 5237981,
    "packageId": "registry.npmjs.org/typescript/5.1.3",
    "status": "in_progress"
  },
  "384 debug pnpm:fetching-progress": {
    "downloaded": 5254365,
    "packageId": "registry.npmjs.org/typescript/5.1.3",
    "status": "in_progress"
  },
  "385 debug pnpm:fetching-progress": {
    "downloaded": 5270749,
    "packageId": "registry.npmjs.org/typescript/5.1.3",
    "status": "in_progress"
  },
  "386 debug pnpm:fetching-progress": {
    "downloaded": 5287133,
    "packageId": "registry.npmjs.org/typescript/5.1.3",
    "status": "in_progress"
  },
  "387 debug pnpm:fetching-progress": {
    "downloaded": 5303517,
    "packageId": "registry.npmjs.org/typescript/5.1.3",
    "status": "in_progress"
  },
  "388 debug pnpm:fetching-progress": {
    "downloaded": 5319901,
    "packageId": "registry.npmjs.org/typescript/5.1.3",
    "status": "in_progress"
  },
  "389 debug pnpm:fetching-progress": {
    "downloaded": 5336285,
    "packageId": "registry.npmjs.org/typescript/5.1.3",
    "status": "in_progress"
  },
  "390 debug pnpm:fetching-progress": {
    "downloaded": 5352669,
    "packageId": "registry.npmjs.org/typescript/5.1.3",
    "status": "in_progress"
  },
  "391 debug pnpm:fetching-progress": {
    "downloaded": 5369053,
    "packageId": "registry.npmjs.org/typescript/5.1.3",
    "status": "in_progress"
  },
  "392 debug pnpm:fetching-progress": {
    "downloaded": 5385437,
    "packageId": "registry.npmjs.org/typescript/5.1.3",
    "status": "in_progress"
  },
  "393 debug pnpm:fetching-progress": {
    "downloaded": 5401821,
    "packageId": "registry.npmjs.org/typescript/5.1.3",
    "status": "in_progress"
  },
  "394 debug pnpm:fetching-progress": {
    "downloaded": 5418205,
    "packageId": "registry.npmjs.org/typescript/5.1.3",
    "status": "in_progress"
  },
  "395 debug pnpm:fetching-progress": {
    "downloaded": 5434589,
    "packageId": "registry.npmjs.org/typescript/5.1.3",
    "status": "in_progress"
  },
  "396 debug pnpm:fetching-progress": {
    "downloaded": 5450973,
    "packageId": "registry.npmjs.org/typescript/5.1.3",
    "status": "in_progress"
  },
  "397 debug pnpm:fetching-progress": {
    "downloaded": 5467357,
    "packageId": "registry.npmjs.org/typescript/5.1.3",
    "status": "in_progress"
  },
  "398 debug pnpm:fetching-progress": {
    "downloaded": 5483741,
    "packageId": "registry.npmjs.org/typescript/5.1.3",
    "status": "in_progress"
  },
  "399 debug pnpm:fetching-progress": {
    "downloaded": 5500125,
    "packageId": "registry.npmjs.org/typescript/5.1.3",
    "status": "in_progress"
  },
  "400 debug pnpm:fetching-progress": {
    "downloaded": 5516509,
    "packageId": "registry.npmjs.org/typescript/5.1.3",
    "status": "in_progress"
  },
  "401 debug pnpm:fetching-progress": {
    "downloaded": 5532893,
    "packageId": "registry.npmjs.org/typescript/5.1.3",
    "status": "in_progress"
  },
  "402 debug pnpm:fetching-progress": {
    "downloaded": 5549277,
    "packageId": "registry.npmjs.org/typescript/5.1.3",
    "status": "in_progress"
  },
  "403 debug pnpm:fetching-progress": {
    "downloaded": 5565661,
    "packageId": "registry.npmjs.org/typescript/5.1.3",
    "status": "in_progress"
  },
  "404 debug pnpm:fetching-progress": {
    "downloaded": 5582045,
    "packageId": "registry.npmjs.org/typescript/5.1.3",
    "status": "in_progress"
  },
  "405 debug pnpm:fetching-progress": {
    "downloaded": 5598429,
    "packageId": "registry.npmjs.org/typescript/5.1.3",
    "status": "in_progress"
  },
  "406 debug pnpm:fetching-progress": {
    "downloaded": 5614813,
    "packageId": "registry.npmjs.org/typescript/5.1.3",
    "status": "in_progress"
  },
  "407 debug pnpm:fetching-progress": {
    "downloaded": 5631197,
    "packageId": "registry.npmjs.org/typescript/5.1.3",
    "status": "in_progress"
  },
  "408 debug pnpm:fetching-progress": {
    "downloaded": 5647581,
    "packageId": "registry.npmjs.org/typescript/5.1.3",
    "status": "in_progress"
  },
  "409 debug pnpm:fetching-progress": {
    "downloaded": 5663965,
    "packageId": "registry.npmjs.org/typescript/5.1.3",
    "status": "in_progress"
  },
  "410 debug pnpm:fetching-progress": {
    "downloaded": 5680349,
    "packageId": "registry.npmjs.org/typescript/5.1.3",
    "status": "in_progress"
  },
  "411 debug pnpm:fetching-progress": {
    "downloaded": 5696733,
    "packageId": "registry.npmjs.org/typescript/5.1.3",
    "status": "in_progress"
  },
  "412 debug pnpm:fetching-progress": {
    "downloaded": 5713117,
    "packageId": "registry.npmjs.org/typescript/5.1.3",
    "status": "in_progress"
  },
  "413 debug pnpm:fetching-progress": {
    "downloaded": 5729501,
    "packageId": "registry.npmjs.org/typescript/5.1.3",
    "status": "in_progress"
  },
  "414 debug pnpm:fetching-progress": {
    "downloaded": 5745885,
    "packageId": "registry.npmjs.org/typescript/5.1.3",
    "status": "in_progress"
  },
  "415 debug pnpm:fetching-progress": {
    "downloaded": 5762269,
    "packageId": "registry.npmjs.org/typescript/5.1.3",
    "status": "in_progress"
  },
  "416 debug pnpm:fetching-progress": {
    "downloaded": 5778653,
    "packageId": "registry.npmjs.org/typescript/5.1.3",
    "status": "in_progress"
  },
  "417 debug pnpm:fetching-progress": {
    "downloaded": 5795037,
    "packageId": "registry.npmjs.org/typescript/5.1.3",
    "status": "in_progress"
  },
  "418 debug pnpm:fetching-progress": {
    "downloaded": 5811421,
    "packageId": "registry.npmjs.org/typescript/5.1.3",
    "status": "in_progress"
  },
  "419 debug pnpm:fetching-progress": {
    "downloaded": 5827805,
    "packageId": "registry.npmjs.org/typescript/5.1.3",
    "status": "in_progress"
  },
  "420 debug pnpm:fetching-progress": {
    "downloaded": 5844189,
    "packageId": "registry.npmjs.org/typescript/5.1.3",
    "status": "in_progress"
  },
  "421 debug pnpm:fetching-progress": {
    "downloaded": 5860573,
    "packageId": "registry.npmjs.org/typescript/5.1.3",
    "status": "in_progress"
  },
  "422 debug pnpm:fetching-progress": {
    "downloaded": 5876957,
    "packageId": "registry.npmjs.org/typescript/5.1.3",
    "status": "in_progress"
  },
  "423 debug pnpm:fetching-progress": {
    "downloaded": 5893341,
    "packageId": "registry.npmjs.org/typescript/5.1.3",
    "status": "in_progress"
  },
  "424 debug pnpm:fetching-progress": {
    "downloaded": 5909725,
    "packageId": "registry.npmjs.org/typescript/5.1.3",
    "status": "in_progress"
  },
  "425 debug pnpm:fetching-progress": {
    "downloaded": 5926109,
    "packageId": "registry.npmjs.org/typescript/5.1.3",
    "status": "in_progress"
  },
  "426 debug pnpm:fetching-progress": {
    "downloaded": 5942493,
    "packageId": "registry.npmjs.org/typescript/5.1.3",
    "status": "in_progress"
  },
  "427 debug pnpm:fetching-progress": {
    "downloaded": 5958877,
    "packageId": "registry.npmjs.org/typescript/5.1.3",
    "status": "in_progress"
  },
  "428 debug pnpm:fetching-progress": {
    "downloaded": 5975261,
    "packageId": "registry.npmjs.org/typescript/5.1.3",
    "status": "in_progress"
  },
  "429 debug pnpm:fetching-progress": {
    "downloaded": 5991645,
    "packageId": "registry.npmjs.org/typescript/5.1.3",
    "status": "in_progress"
  },
  "430 debug pnpm:fetching-progress": {
    "downloaded": 6008029,
    "packageId": "registry.npmjs.org/typescript/5.1.3",
    "status": "in_progress"
  },
  "431 debug pnpm:fetching-progress": {
    "downloaded": 6024413,
    "packageId": "registry.npmjs.org/typescript/5.1.3",
    "status": "in_progress"
  },
  "432 debug pnpm:fetching-progress": {
    "downloaded": 6040797,
    "packageId": "registry.npmjs.org/typescript/5.1.3",
    "status": "in_progress"
  },
  "433 debug pnpm:fetching-progress": {
    "downloaded": 6057181,
    "packageId": "registry.npmjs.org/typescript/5.1.3",
    "status": "in_progress"
  },
  "434 debug pnpm:fetching-progress": {
    "downloaded": 6073565,
    "packageId": "registry.npmjs.org/typescript/5.1.3",
    "status": "in_progress"
  },
  "435 debug pnpm:fetching-progress": {
    "downloaded": 6089949,
    "packageId": "registry.npmjs.org/typescript/5.1.3",
    "status": "in_progress"
  },
  "436 debug pnpm:fetching-progress": {
    "downloaded": 6106333,
    "packageId": "registry.npmjs.org/typescript/5.1.3",
    "status": "in_progress"
  },
  "437 debug pnpm:fetching-progress": {
    "downloaded": 6122717,
    "packageId": "registry.npmjs.org/typescript/5.1.3",
    "status": "in_progress"
  },
  "438 debug pnpm:fetching-progress": {
    "downloaded": 6139101,
    "packageId": "registry.npmjs.org/typescript/5.1.3",
    "status": "in_progress"
  },
  "439 debug pnpm:fetching-progress": {
    "downloaded": 6155485,
    "packageId": "registry.npmjs.org/typescript/5.1.3",
    "status": "in_progress"
  },
  "440 debug pnpm:_dependency_resolved": {
    "resolution": "registry.npmjs.org/@sveltejs/kit/1.20.5",
    "wanted": {
      "dependentId": ".",
      "name": "@sveltejs/kit",
      "rawSpec": "^1.20.4"
    }
  },
  "441 warn pnpm:install-check": {
    "message": "Unsupported engine for registry.npmjs.org/@sveltejs/kit/1.20.5: wanted: {\"node\":\"^16.14 || >=18\"} (current: {\"node\":\"v16.13.2\",\"pnpm\":\"6.11.0\"})",
    "prefix": "/Users/sho_yamashita/sho/temp/svelt-kit-playground"
  },
  "442 error pnpm": {
    "code": "ERR_PNPM_UNSUPPORTED_ENGINE",
    "packageId": "registry.npmjs.org/@sveltejs/kit/1.20.5",
    "wanted": {
      "node": "^16.14 || >=18"
    },
    "current": {
      "node": "v16.13.2",
      "pnpm": "6.11.0"
    },
    "err": {
      "name": "Error",
      "message": "Unsupported engine for registry.npmjs.org/@sveltejs/kit/1.20.5: wanted: {\"node\":\"^16.14 || >=18\"} (current: {\"node\":\"v16.13.2\",\"pnpm\":\"6.11.0\"})",
      "code": "ERR_PNPM_UNSUPPORTED_ENGINE",
      "stack": "Error: Unsupported engine for registry.npmjs.org/@sveltejs/kit/1.20.5: wanted: {\"node\":\"^16.14 || >=18\"} (current: {\"node\":\"v16.13.2\",\"pnpm\":\"6.11.0\"})\n    at Object.checkEngine [as default] (/Users/sho_yamashita/.node/corepack/pnpm/6.11.0/dist/pnpm.cjs:35213:16)\n    at checkPackage (/Users/sho_yamashita/.node/corepack/pnpm/6.11.0/dist/pnpm.cjs:35357:99)\n    at Object.packageIsInstallable [as default] (/Users/sho_yamashita/.node/corepack/pnpm/6.11.0/dist/pnpm.cjs:35327:20)\n    at resolveDependency (/Users/sho_yamashita/.node/corepack/pnpm/6.11.0/dist/pnpm.cjs:110715:81)\n    at runMicrotasks (<anonymous>)\n    at processTicksAndRejections (node:internal/process/task_queues:96:5)\n    at async resolveDependenciesOfDependency (/Users/sho_yamashita/.node/corepack/pnpm/6.11.0/dist/pnpm.cjs:110452:39)\n    at async Promise.all (index 4)\n    at async Object.resolveDependencies [as default] (/Users/sho_yamashita/.node/corepack/pnpm/6.11.0/dist/pnpm.cjs:110422:29)\n    at async /Users/sho_yamashita/.node/corepack/pnpm/6.11.0/dist/pnpm.cjs:110937:47"
    }
  }
}